<?xml version="1.0" encoding="UTF-8"?>
<!-- Generated by org.testng.reporters.JUnitXMLReporter -->
<testsuite ignored="0" hostname="SBSPC090" failures="1" tests="3" name="Admin Tests" time="27.933" errors="0" timestamp="2026-04-13T16:29:51 IST">
  <testcase classname="tests.admin.AdminLoginTest" name="adminLogin" time="3.039"/>
  <testcase classname="tests.admin.AdminLoginTest" name="searchAndOpenOrder" time="9.748"/>
  <testcase classname="tests.admin.AdminLoginTest" name="uploadArtworkFiles" time="10.746">
    <failure type="org.openqa.selenium.UnhandledAlertException" message="unexpected alert open: {Alert text : SyntaxError: Unexpected token &amp;apos;&amp;lt;&amp;apos;}
  (Session info: chrome=146.0.7680.178): SyntaxError: Unexpected token &amp;apos;&amp;lt;&amp;apos;
Build info: version: &amp;apos;4.39.0&amp;apos;, revision: &amp;apos;126f156aee&amp;apos;
System info: os.name: &amp;apos;Windows 10&amp;apos;, os.arch: &amp;apos;amd64&amp;apos;, os.version: &amp;apos;10.0&amp;apos;, java.version: &amp;apos;21.0.9&amp;apos;
Driver info: org.openqa.selenium.chrome.ChromeDriver
Command: [eebdedc555663884035d80d308ebbf00, sendKeysToElement {value=[Ljava.lang.CharSequence;@64d7b720, id=f.1C26F10799FF3DD3C83792C8044FB33D.d.FD15EFE788894501708E05BEA951194B.e.2768}]
Capabilities {acceptInsecureCerts: false, browserName: chrome, browserVersion: 146.0.7680.178, chrome: {chromedriverVersion: 146.0.7680.165 (4b989da09e1..., userDataDir: C:\Users\joel.j\AppData\Loc...}, fedcm:accounts: true, goog:chromeOptions: {debuggerAddress: localhost:1785}, goog:processID: 25304, networkConnectionEnabled: false, pageLoadStrategy: eager, platformName: windows, proxy: Proxy(), se:cdp: ws://localhost:1785/devtool..., se:cdpVersion: 146.0.7680.178, setWindowRect: true, strictFileInteractability: false, timeouts: {implicit: 0, pageLoad: 300000, script: 30000}, unhandledPromptBehavior: dismiss and notify, webauthn:extension:credBlob: true, webauthn:extension:largeBlob: true, webauthn:extension:minPinLength: true, webauthn:extension:prf: true, webauthn:virtualAuthenticators: true}
Element: [[ChromeDriver: chrome on windows (eebdedc555663884035d80d308ebbf00)] -&amp;gt; id: artwork_proof4]
Session ID: eebdedc555663884035d80d308ebbf00">
      <![CDATA[org.openqa.selenium.UnhandledAlertException: unexpected alert open: {Alert text : SyntaxError: Unexpected token '<'}
  (Session info: chrome=146.0.7680.178): SyntaxError: Unexpected token '<'
Build info: version: '4.39.0', revision: '126f156aee'
System info: os.name: 'Windows 10', os.arch: 'amd64', os.version: '10.0', java.version: '21.0.9'
Driver info: org.openqa.selenium.chrome.ChromeDriver
Command: [eebdedc555663884035d80d308ebbf00, sendKeysToElement {value=[Ljava.lang.CharSequence;@64d7b720, id=f.1C26F10799FF3DD3C83792C8044FB33D.d.FD15EFE788894501708E05BEA951194B.e.2768}]
Capabilities {acceptInsecureCerts: false, browserName: chrome, browserVersion: 146.0.7680.178, chrome: {chromedriverVersion: 146.0.7680.165 (4b989da09e1..., userDataDir: C:\Users\joel.j\AppData\Loc...}, fedcm:accounts: true, goog:chromeOptions: {debuggerAddress: localhost:1785}, goog:processID: 25304, networkConnectionEnabled: false, pageLoadStrategy: eager, platformName: windows, proxy: Proxy(), se:cdp: ws://localhost:1785/devtool..., se:cdpVersion: 146.0.7680.178, setWindowRect: true, strictFileInteractability: false, timeouts: {implicit: 0, pageLoad: 300000, script: 30000}, unhandledPromptBehavior: dismiss and notify, webauthn:extension:credBlob: true, webauthn:extension:largeBlob: true, webauthn:extension:minPinLength: true, webauthn:extension:prf: true, webauthn:virtualAuthenticators: true}
Element: [[ChromeDriver: chrome on windows (eebdedc555663884035d80d308ebbf00)] -> id: artwork_proof4]
Session ID: eebdedc555663884035d80d308ebbf00
at org.openqa.selenium.remote.codec.w3c.W3CHttpResponseCodec.decode(W3CHttpResponseCodec.java:140)
at org.openqa.selenium.remote.codec.w3c.W3CHttpResponseCodec.decode(W3CHttpResponseCodec.java:49)
at org.openqa.selenium.remote.HttpCommandExecutor.execute(HttpCommandExecutor.java:215)
at org.openqa.selenium.remote.service.DriverCommandExecutor.invokeExecute(DriverCommandExecutor.java:216)
at org.openqa.selenium.remote.service.DriverCommandExecutor.execute(DriverCommandExecutor.java:174)
at org.openqa.selenium.remote.RemoteWebDriver.execute(RemoteWebDriver.java:561)
at org.openqa.selenium.remote.RemoteWebElement.execute(RemoteWebElement.java:223)
at org.openqa.selenium.remote.RemoteWebElement.sendKeys(RemoteWebElement.java:110)
at pages.admin.AdminOrderPage.uploadArtworkProofs(AdminOrderPage.java:174)
at tests.admin.AdminLoginTest.uploadArtworkFiles(AdminLoginTest.java:46)
at java.base/java.util.ArrayList.forEach(ArrayList.java:1596)
... Removed 25 stack frames]]>
    </failure>
  </testcase> <!-- uploadArtworkFiles -->
</testsuite> <!-- Admin Tests -->
