<?xml version="1.0" encoding="UTF-8"?>
<!-- Generated by org.testng.reporters.JUnitXMLReporter -->
<testsuite ignored="0" hostname="SBSPC090" failures="1" tests="3" name="Admin Tests" time="18.736" errors="0" timestamp="2026-03-12T14:21:17 IST">
  <testcase classname="tests.admin.AdminLoginTest" name="adminLogin" time="2.311"/>
  <testcase classname="tests.admin.AdminLoginTest" name="searchAndOpenOrder" time="9.31"/>
  <testcase classname="tests.admin.AdminLoginTest" name="uploadArtworkFiles" time="2.795">
    <failure type="org.openqa.selenium.NoSuchElementException" message="Cannot locate option with index: 2
For documentation on this error, please visit: https://www.selenium.dev/documentation/webdriver/troubleshooting/errors#nosuchelementexception
Build info: version: &amp;apos;4.39.0&amp;apos;, revision: &amp;apos;126f156aee&amp;apos;
System info: os.name: &amp;apos;Windows 10&amp;apos;, os.arch: &amp;apos;amd64&amp;apos;, os.version: &amp;apos;10.0&amp;apos;, java.version: &amp;apos;21.0.9&amp;apos;
Driver info: driver.version: unknown">
      <![CDATA[org.openqa.selenium.NoSuchElementException: Cannot locate option with index: 2
For documentation on this error, please visit: https://www.selenium.dev/documentation/webdriver/troubleshooting/errors#nosuchelementexception
Build info: version: '4.39.0', revision: '126f156aee'
System info: os.name: 'Windows 10', os.arch: 'amd64', os.version: '10.0', java.version: '21.0.9'
Driver info: driver.version: unknown
at org.openqa.selenium.support.ui.Select.setSelectedByIndex(Select.java:318)
at org.openqa.selenium.support.ui.Select.selectByIndex(Select.java:173)
at pages.admin.AdminOrderPage.uploadArtworkProofs(AdminOrderPage.java:149)
at tests.admin.AdminLoginTest.uploadArtworkFiles(AdminLoginTest.java:46)
at java.base/java.util.ArrayList.forEach(ArrayList.java:1596)
... Removed 25 stack frames]]>
    </failure>
  </testcase> <!-- uploadArtworkFiles -->
</testsuite> <!-- Admin Tests -->
