<?xml version="1.0" encoding="UTF-8"?>
<!-- Generated by org.testng.reporters.JUnitXMLReporter -->
<testsuite ignored="0" hostname="SBSPC090" failures="0" tests="5" name="Test" time="49.224" errors="0" timestamp="2026-03-12T14:20:43 IST">
  <testcase classname="tests.user.ProImplogintest" name="loginTest" time="15.151"/>
  <testcase classname="tests.user.ProImplogintest" name="searchTest" time="10.694"/>
  <testcase classname="tests.user.ProImplogintest" name="productSelectionTest" time="7.063"/>
  <testcase classname="tests.user.ProImplogintest" name="shippingSelectionTest" time="11.337"/>
  <testcase classname="tests.user.ProImplogintest" name="CheckoutSuccessPage" time="0.295"/>
</testsuite> <!-- Test -->
