<?xml version="1.0" encoding="UTF-8"?>
<!-- Generated by org.testng.reporters.JUnitXMLReporter -->
<testsuite ignored="0" hostname="SBSPC090" failures="0" tests="4" name="Test" time="26.48" errors="0" timestamp="2026-03-03T11:56:10 IST">
  <testcase classname="tests.user.ProImplogintest" name="loginTest" time="5.57"/>
  <testcase classname="tests.user.ProImplogintest" name="searchTest" time="2.724"/>
  <testcase classname="tests.user.ProImplogintest" name="productSelectionTest" time="6.5"/>
  <testcase classname="tests.user.ProImplogintest" name="shippingSelectionTest" time="8.689"/>
</testsuite> <!-- Test -->
