<?xml version="1.0" encoding="UTF-8"?>
<testng-results ignored="0" total="5" passed="5" failed="0" skipped="0">
  <reporter-output>
  </reporter-output>
  <suite started-at="2026-03-05T11:05:12 IST" name="Suite" finished-at="2026-03-05T11:05:54 IST" duration-ms="41376">
    <groups>
    </groups>
    <test started-at="2026-03-05T11:05:12 IST" name="Test" finished-at="2026-03-05T11:05:54 IST" duration-ms="41376">
      <class name="tests.user.ProImplogintest">
        <test-method is-config="true" signature="setUp()[pri:0, instance:tests.user.ProImplogintest@3c9754d8]" started-at="2026-03-05T11:05:13 IST" name="setUp" finished-at="2026-03-05T11:05:15 IST" duration-ms="2230" status="PASS">
          <reporter-output>
          </reporter-output>
        </test-method> <!-- setUp -->
        <test-method signature="loginTest()[pri:0, instance:tests.user.ProImplogintest@3c9754d8]" started-at="2026-03-05T11:05:15 IST" name="loginTest" finished-at="2026-03-05T11:05:31 IST" duration-ms="16307" status="PASS">
          <reporter-output>
          </reporter-output>
        </test-method> <!-- loginTest -->
        <test-method signature="searchTest()[pri:1, instance:tests.user.ProImplogintest@3c9754d8]" started-at="2026-03-05T11:05:31 IST" name="searchTest" finished-at="2026-03-05T11:05:35 IST" duration-ms="3553" status="PASS">
          <reporter-output>
          </reporter-output>
        </test-method> <!-- searchTest -->
        <test-method signature="productSelectionTest()[pri:2, instance:tests.user.ProImplogintest@3c9754d8]" started-at="2026-03-05T11:05:35 IST" name="productSelectionTest" finished-at="2026-03-05T11:05:41 IST" duration-ms="6565" status="PASS">
          <reporter-output>
          </reporter-output>
        </test-method> <!-- productSelectionTest -->
        <test-method signature="shippingSelectionTest()[pri:3, instance:tests.user.ProImplogintest@3c9754d8]" started-at="2026-03-05T11:05:41 IST" name="shippingSelectionTest" finished-at="2026-03-05T11:05:54 IST" duration-ms="12436" status="PASS">
          <reporter-output>
          </reporter-output>
        </test-method> <!-- shippingSelectionTest -->
        <test-method signature="checkoutSuccessTest()[pri:4, instance:tests.user.ProImplogintest@3c9754d8]" started-at="2026-03-05T11:05:54 IST" name="checkoutSuccessTest" finished-at="2026-03-05T11:05:54 IST" duration-ms="203" status="PASS">
          <reporter-output>
          </reporter-output>
        </test-method> <!-- checkoutSuccessTest -->
      </class> <!-- tests.user.ProImplogintest -->
    </test> <!-- Test -->
  </suite> <!-- Suite -->
</testng-results>
