<?xml version="1.0" encoding="UTF-8"?>
<testng-results ignored="0" total="2" passed="2" failed="0" skipped="0">
  <reporter-output>
  </reporter-output>
  <suite started-at="2026-03-10T10:24:27 IST" name="Admin Suite" finished-at="2026-03-10T10:24:49 IST" duration-ms="22642">
    <groups>
    </groups>
    <test started-at="2026-03-10T10:24:27 IST" name="Admin Tests" finished-at="2026-03-10T10:24:49 IST" duration-ms="22642">
      <class name="tests.admin.AdminLoginTest">
        <test-method is-config="true" signature="setUp()[pri:0, instance:tests.admin.AdminLoginTest@7c6908d7]" started-at="2026-03-10T10:24:27 IST" name="setUp" finished-at="2026-03-10T10:24:29 IST" duration-ms="2723" status="PASS">
          <reporter-output>
          </reporter-output>
        </test-method> <!-- setUp -->
        <test-method signature="adminLogin()[pri:1, instance:tests.admin.AdminLoginTest@7c6908d7]" started-at="2026-03-10T10:24:29 IST" name="adminLogin" finished-at="2026-03-10T10:24:36 IST" duration-ms="6578" status="PASS">
          <reporter-output>
          </reporter-output>
        </test-method> <!-- adminLogin -->
        <test-method signature="searchAndOpenOrder()[pri:2, instance:tests.admin.AdminLoginTest@7c6908d7]" started-at="2026-03-10T10:24:36 IST" name="searchAndOpenOrder" finished-at="2026-03-10T10:24:49 IST" depends-on-methods="tests.admin.AdminLoginTest.adminLogin" duration-ms="13264" status="PASS">
          <reporter-output>
          </reporter-output>
        </test-method> <!-- searchAndOpenOrder -->
      </class> <!-- tests.admin.AdminLoginTest -->
    </test> <!-- Admin Tests -->
  </suite> <!-- Admin Suite -->
</testng-results>
