<?xml version="1.0" encoding="UTF-8"?>
<!-- Generated by org.testng.reporters.JUnitReportReporter -->
<testsuite hostname="SBSPC090" failures="0" tests="2" name="testpkg.ProImploginWithPageFactorytest" time="41.312" errors="0" timestamp="2026-02-03T14:51:38 IST" skipped="0">
  <testcase classname="testpkg.ProImploginWithPageFactorytest" name="test" time="0.535"/>
  <testcase classname="testpkg.ProImploginWithPageFactorytest" name="cart" time="40.777"/>
</testsuite> <!-- testpkg.ProImploginWithPageFactorytest -->
