<?xml version="1.0" encoding="UTF-8"?>
<!-- Generated by org.testng.reporters.JUnitReportReporter -->
<testsuite hostname="SBSPC090" failures="0" tests="5" name="tests.user.ProImplogintest" time="39.064" errors="0" timestamp="2026-03-05T11:05:54 IST" skipped="0">
  <testcase classname="tests.user.ProImplogintest" name="loginTest" time="16.307"/>
  <testcase classname="tests.user.ProImplogintest" name="searchTest" time="3.553"/>
  <testcase classname="tests.user.ProImplogintest" name="productSelectionTest" time="6.565"/>
  <testcase classname="tests.user.ProImplogintest" name="shippingSelectionTest" time="12.436"/>
  <testcase classname="tests.user.ProImplogintest" name="checkoutSuccessTest" time="0.203"/>
</testsuite> <!-- tests.user.ProImplogintest -->
