<?xml version="1.0" encoding="UTF-8"?>
<!-- Generated by org.testng.reporters.JUnitReportReporter -->
<testsuite hostname="SBSPC090" failures="0" tests="3" name="testpkg.ProImplogintest" time="18.666" errors="0" timestamp="2026-02-24T13:45:10 IST" skipped="0">
  <testcase classname="testpkg.ProImplogintest" name="loginTest" time="12.984"/>
  <testcase classname="testpkg.ProImplogintest" name="searchTest" time="2.620"/>
  <testcase classname="testpkg.ProImplogintest" name="productSelectionTest" time="3.062"/>
</testsuite> <!-- testpkg.ProImplogintest -->
