<?xml version="1.0" encoding="UTF-8"?>
<!-- Generated by org.testng.reporters.JUnitReportReporter -->
<testsuite hostname="SBSPC090" failures="0" tests="3" name="tests.user.ProImplogintest" time="21.461" errors="0" timestamp="2026-02-27T09:09:45 IST" skipped="0">
  <testcase classname="tests.user.ProImplogintest" name="loginTest" time="15.738"/>
  <testcase classname="tests.user.ProImplogintest" name="searchTest" time="2.774"/>
  <testcase classname="tests.user.ProImplogintest" name="productSelectionTest" time="2.949"/>
</testsuite> <!-- tests.user.ProImplogintest -->
