<?xml version="1.0" encoding="UTF-8"?>
<!-- Generated by org.testng.reporters.JUnitReportReporter -->
<testsuite hostname="SBSPC090" failures="0" tests="2" name="testpkg.ProImploginWithPageFactorytest" time="41.348" errors="0" timestamp="2026-02-10T11:58:11 IST" skipped="0">
  <testcase classname="testpkg.ProImploginWithPageFactorytest" name="test" time="0.616"/>
  <testcase classname="testpkg.ProImploginWithPageFactorytest" name="cart" time="40.732"/>
</testsuite> <!-- testpkg.ProImploginWithPageFactorytest -->
